<?xml version="1.0" encoding="UTF-8"?>
<!-- Generated by org.testng.reporters.JUnitReportReporter -->
<testsuite hostname="MLBBTL-111202" failures="0" tests="1" name="com.DriverFactory.MyHooks" time="20.787" errors="0" timestamp="2023-11-23T15:43:45 IST" skipped="0">
  <testcase classname="com.DriverFactory.MyHooks" name="attachScreenshot" time="20.787"/>
  <system-out/>
</testsuite> <!-- com.DriverFactory.MyHooks -->
